TN:
SF:E:\WSWorkspace\hlowrd_v2\index.js
FN:47,(anonymous_1)
FN:82,(anonymous_2)
FN:92,(anonymous_3)
FNF:3
FNH:1
FNDA:8,(anonymous_1)
FNDA:0,(anonymous_2)
FNDA:0,(anonymous_3)
DA:1,1
DA:2,1
DA:3,1
DA:4,1
DA:5,1
DA:6,1
DA:7,1
DA:8,1
DA:9,1
DA:10,1
DA:12,1
DA:15,1
DA:17,1
DA:20,1
DA:22,1
DA:33,1
DA:35,1
DA:41,1
DA:47,1
DA:48,8
DA:49,8
DA:50,8
DA:51,8
DA:55,1
DA:67,1
DA:69,1
DA:82,1
DA:83,0
DA:88,1
DA:89,1
DA:92,0
DA:93,0
LF:32
LH:29
BRDA:88,1,0,1
BRDA:88,1,1,0
BRF:2
BRH:1
end_of_record
TN:
SF:E:\WSWorkspace\hlowrd_v2\config\default.js
FNF:0
FNH:0
DA:1,1
LF:1
LH:1
BRF:0
BRH:0
end_of_record
TN:
SF:E:\WSWorkspace\hlowrd_v2\routes\index.js
FN:1,(anonymous_1)
FN:2,(anonymous_2)
FN:11,(anonymous_3)
FNF:3
FNH:2
FNDA:1,(anonymous_1)
FNDA:0,(anonymous_2)
FNDA:7,(anonymous_3)
DA:1,1
DA:2,1
DA:3,0
DA:5,1
DA:6,1
DA:7,1
DA:8,1
DA:11,1
DA:12,7
DA:13,0
LF:10
LH:8
BRDA:12,1,0,0
BRDA:12,1,1,7
BRF:2
BRH:1
end_of_record
TN:
SF:E:\WSWorkspace\hlowrd_v2\routes\signup.js
FN:10,(anonymous_1)
FN:15,(anonymous_2)
FN:61,(anonymous_3)
FN:72,(anonymous_4)
FNF:4
FNH:4
FNDA:3,(anonymous_1)
FNDA:4,(anonymous_2)
FNDA:1,(anonymous_3)
FNDA:1,(anonymous_4)
DA:1,1
DA:2,1
DA:3,1
DA:4,1
DA:6,1
DA:7,1
DA:10,1
DA:11,3
DA:15,1
DA:16,4
DA:17,4
DA:18,4
DA:19,4
DA:20,4
DA:21,4
DA:24,4
DA:25,4
DA:26,1
DA:28,3
DA:29,1
DA:31,2
DA:32,0
DA:34,2
DA:35,0
DA:37,2
DA:38,0
DA:40,2
DA:41,0
DA:44,2
DA:45,2
DA:49,2
DA:52,2
DA:60,2
DA:63,1
DA:65,1
DA:66,1
DA:68,1
DA:70,1
DA:74,1
DA:75,1
DA:76,1
DA:78,0
DA:82,1
LF:43
LH:38
BRDA:25,1,0,1
BRDA:25,1,1,3
BRDA:25,2,0,4
BRDA:25,2,1,3
BRDA:28,3,0,1
BRDA:28,3,1,2
BRDA:31,4,0,0
BRDA:31,4,1,2
BRDA:31,5,0,2
BRDA:31,5,1,2
BRDA:34,6,0,0
BRDA:34,6,1,2
BRDA:37,7,0,0
BRDA:37,7,1,2
BRDA:40,8,0,0
BRDA:40,8,1,2
BRDA:74,9,0,1
BRDA:74,9,1,0
BRF:18
BRH:13
end_of_record
TN:
SF:E:\WSWorkspace\hlowrd_v2\models\users.js
FN:5,create
FN:10,getUserByName
FNF:2
FNH:1
FNDA:2,create
FNDA:0,getUserByName
DA:1,1
DA:3,1
DA:6,2
DA:11,0
LF:4
LH:3
BRF:0
BRH:0
end_of_record
TN:
SF:E:\WSWorkspace\hlowrd_v2\lib\mongo.js
FN:11,(anonymous_1)
FN:12,(anonymous_2)
FN:17,(anonymous_3)
FNF:3
FNH:2
FNDA:1,(anonymous_1)
FNDA:2,(anonymous_2)
FNDA:0,(anonymous_3)
DA:1,1
DA:2,1
DA:3,1
DA:4,1
DA:6,1
DA:7,1
DA:10,1
DA:12,1
DA:13,2
DA:15,1
DA:18,0
DA:19,0
DA:21,0
DA:25,1
DA:32,1
DA:34,1
DA:40,1
DA:42,1
DA:47,1
DA:48,1
LF:20
LH:17
BRDA:18,1,0,0
BRDA:18,1,1,0
BRF:2
BRH:0
end_of_record
TN:
SF:E:\WSWorkspace\hlowrd_v2\middlewares\check.js
FN:2,checkLogin
FN:10,checkNotLogin
FNF:2
FNH:1
FNDA:0,checkLogin
FNDA:7,checkNotLogin
DA:1,1
DA:3,0
DA:4,0
DA:5,0
DA:7,0
DA:11,7
DA:12,0
DA:13,0
DA:15,7
LF:9
LH:3
BRDA:3,1,0,0
BRDA:3,1,1,0
BRDA:11,2,0,0
BRDA:11,2,1,7
BRF:4
BRH:1
end_of_record
TN:
SF:E:\WSWorkspace\hlowrd_v2\routes\signin.js
FN:9,(anonymous_1)
FN:14,(anonymous_2)
FN:19,(anonymous_3)
FNF:3
FNH:0
FNDA:0,(anonymous_1)
FNDA:0,(anonymous_2)
FNDA:0,(anonymous_3)
DA:1,1
DA:2,1
DA:3,1
DA:5,1
DA:6,1
DA:9,1
DA:10,0
DA:14,1
DA:15,0
DA:16,0
DA:18,0
DA:20,0
DA:21,0
DA:22,0
DA:25,0
DA:26,0
DA:27,0
DA:29,0
DA:31,0
DA:32,0
DA:34,0
DA:39,1
LF:22
LH:8
BRDA:20,1,0,0
BRDA:20,1,1,0
BRDA:25,2,0,0
BRDA:25,2,1,0
BRF:4
BRH:0
end_of_record
TN:
SF:E:\WSWorkspace\hlowrd_v2\routes\signout.js
FN:7,(anonymous_1)
FNF:1
FNH:0
FNDA:0,(anonymous_1)
DA:1,1
DA:2,1
DA:4,1
DA:7,1
DA:9,0
DA:10,0
DA:12,0
DA:15,1
LF:8
LH:5
BRF:0
BRH:0
end_of_record
TN:
SF:E:\WSWorkspace\hlowrd_v2\routes\posts.js
FN:10,(anonymous_1)
FN:14,(anonymous_2)
FN:23,(anonymous_3)
FN:28,(anonymous_4)
FN:54,(anonymous_5)
FN:65,(anonymous_6)
FN:73,(anonymous_7)
FN:89,(anonymous_8)
FN:94,(anonymous_9)
FN:109,(anonymous_10)
FN:116,(anonymous_11)
FN:125,(anonymous_12)
FN:130,(anonymous_13)
FN:139,(anonymous_14)
FN:150,(anonymous_15)
FN:159,(anonymous_16)
FN:164,(anonymous_17)
FNF:17
FNH:2
FNDA:1,(anonymous_1)
FNDA:1,(anonymous_2)
FNDA:0,(anonymous_3)
FNDA:0,(anonymous_4)
FNDA:0,(anonymous_5)
FNDA:0,(anonymous_6)
FNDA:0,(anonymous_7)
FNDA:0,(anonymous_8)
FNDA:0,(anonymous_9)
FNDA:0,(anonymous_10)
FNDA:0,(anonymous_11)
FNDA:0,(anonymous_12)
FNDA:0,(anonymous_13)
FNDA:0,(anonymous_14)
FNDA:0,(anonymous_15)
FNDA:0,(anonymous_16)
FNDA:0,(anonymous_17)
DA:1,1
DA:2,1
DA:4,1
DA:5,1
DA:6,1
DA:10,1
DA:11,1
DA:13,1
DA:15,1
DA:23,1
DA:24,0
DA:28,1
DA:29,0
DA:30,0
DA:31,0
DA:34,0
DA:35,0
DA:36,0
DA:38,0
DA:39,0
DA:42,0
DA:43,0
DA:46,0
DA:53,0
DA:56,0
DA:57,0
DA:59,0
DA:65,1
DA:66,0
DA:68,0
DA:74,0
DA:75,0
DA:76,0
DA:77,0
DA:80,0
DA:89,1
DA:90,0
DA:91,0
DA:93,0
DA:95,0
DA:96,0
DA:98,0
DA:99,0
DA:101,0
DA:109,1
DA:110,0
DA:111,0
DA:112,0
DA:113,0
DA:115,0
DA:117,0
DA:119,0
DA:125,1
DA:126,0
DA:127,0
DA:129,0
DA:131,0
DA:133,0
DA:139,1
DA:140,0
DA:141,0
DA:142,0
DA:143,0
DA:149,0
DA:151,0
DA:153,0
DA:159,1
DA:160,0
DA:161,0
DA:163,0
DA:165,0
DA:167,0
DA:172,1
LF:73
LH:18
BRDA:35,1,0,0
BRDA:35,1,1,0
BRDA:38,2,0,0
BRDA:38,2,1,0
BRDA:76,3,0,0
BRDA:76,3,1,0
BRDA:95,4,0,0
BRDA:95,4,1,0
BRDA:98,5,0,0
BRDA:98,5,1,0
BRF:10
BRH:0
end_of_record
TN:
SF:E:\WSWorkspace\hlowrd_v2\models\posts.js
FN:7,(anonymous_1)
FN:8,(anonymous_2)
FN:9,(anonymous_3)
FN:15,(anonymous_4)
FN:17,(anonymous_5)
FN:28,(anonymous_6)
FN:29,(anonymous_7)
FN:34,(anonymous_8)
FN:44,create
FN:49,getPostById
FN:60,getPosts
FN:76,incPv
FN:83,getRawPostById
FN:91,updatePostById
FN:96,delPostById
FNF:15
FNH:6
FNDA:1,(anonymous_1)
FNDA:2,(anonymous_2)
FNDA:2,(anonymous_3)
FNDA:0,(anonymous_4)
FNDA:0,(anonymous_5)
FNDA:1,(anonymous_6)
FNDA:2,(anonymous_7)
FNDA:0,(anonymous_8)
FNDA:0,create
FNDA:0,getPostById
FNDA:1,getPosts
FNDA:0,incPv
FNDA:0,getRawPostById
FNDA:0,updatePostById
FNDA:0,delPostById
DA:1,1
DA:2,1
DA:3,1
DA:6,1
DA:8,1
DA:9,2
DA:10,2
DA:11,2
DA:16,0
DA:17,0
DA:18,0
DA:19,0
DA:22,0
DA:27,1
DA:29,1
DA:30,2
DA:31,2
DA:35,0
DA:36,0
DA:38,0
DA:42,1
DA:45,0
DA:50,0
DA:61,1
DA:62,1
DA:63,0
DA:65,1
DA:77,0
DA:84,0
DA:92,0
DA:97,0
LF:31
LH:16
BRDA:16,1,0,0
BRDA:16,1,1,0
BRDA:35,2,0,0
BRDA:35,2,1,0
BRDA:62,3,0,0
BRDA:62,3,1,1
BRF:6
BRH:1
end_of_record
TN:
SF:E:\WSWorkspace\hlowrd_v2\models\comments.js
FN:6,(anonymous_1)
FN:7,(anonymous_2)
FN:16,create
FN:21,delCommentById
FN:26,getComments
FN:37,getCommentsCount
FNF:6
FNH:1
FNDA:0,(anonymous_1)
FNDA:0,(anonymous_2)
FNDA:0,create
FNDA:0,delCommentById
FNDA:0,getComments
FNDA:2,getCommentsCount
DA:1,1
DA:2,1
DA:5,1
DA:7,0
DA:8,0
DA:9,0
DA:14,1
DA:17,0
DA:22,0
DA:27,0
DA:38,2
LF:11
LH:5
BRF:0
BRH:0
end_of_record
